<?xml version="1.0" encoding="UTF-8"?>
<testsuite name="kr.ac.kopo.we_can_be_rich.ExampleUnitTest" tests="1" skipped="0" failures="0" errors="0" timestamp="2024-06-30T10:51:34" hostname="DESKTOP-ACDQI1T" time="0.005">
  <properties/>
  <testcase name="addition_isCorrect" classname="kr.ac.kopo.we_can_be_rich.ExampleUnitTest" time="0.005"/>
  <system-out><![CDATA[]]></system-out>
  <system-err><![CDATA[]]></system-err>
</testsuite>
